<?xml version="1.0" encoding="UTF-8"?>
<testsuite xmlns:xsi="http://www.w3.org/2001/XMLSchema-instance" xsi:noNamespaceSchemaLocation="https://maven.apache.org/surefire/maven-surefire-plugin/xsd/surefire-test-report-3.0.xsd" version="3.0" name="com.food.docker_fo_eurekaserver.DockerFoEurekaserverApplicationTests" time="3.279" tests="1" errors="0" skipped="0" failures="0">
  <properties>
    <property name="java.specification.version" value="17"/>
    <property name="sun.jnu.encoding" value="ANSI_X3.4-1968"/>
    <property name="java.class.path" value="/home/junaid/Workspaces/Swigato2/docker-fo-eurekaserver/target/test-classes:/home/junaid/Workspaces/Swigato2/docker-fo-eurekaserver/target/classes:/home/junaid/.m2/repository/org/springframework/cloud/spring-cloud-starter-netflix-eureka-server/4.1.3/spring-cloud-starter-netflix-eureka-server-4.1.3.jar:/home/junaid/.m2/repository/org/springframework/cloud/spring-cloud-starter/4.1.4/spring-cloud-starter-4.1.4.jar:/home/junaid/.m2/repository/org/springframework/cloud/spring-cloud-context/4.1.4/spring-cloud-context-4.1.4.jar:/home/junaid/.m2/repository/org/springframework/security/spring-security-crypto/6.2.6/spring-security-crypto-6.2.6.jar:/home/junaid/.m2/repository/org/springframework/cloud/spring-cloud-commons/4.1.4/spring-cloud-commons-4.1.4.jar:/home/junaid/.m2/repository/org/springframework/security/spring-security-rsa/1.1.3/spring-security-rsa-1.1.3.jar:/home/junaid/.m2/repository/org/bouncycastle/bcprov-jdk18on/1.78/bcprov-jdk18on-1.78.jar:/home/junaid/.m2/repository/org/springframework/cloud/spring-cloud-netflix-eureka-server/4.1.3/spring-cloud-netflix-eureka-server-4.1.3.jar:/home/junaid/.m2/repository/org/springframework/boot/spring-boot-starter-web/3.2.10-SNAPSHOT/spring-boot-starter-web-3.2.10-SNAPSHOT.jar:/home/junaid/.m2/repository/org/springframework/boot/spring-boot-starter-json/3.2.10-SNAPSHOT/spring-boot-starter-json-3.2.10-SNAPSHOT.jar:/home/junaid/.m2/repository/com/fasterxml/jackson/datatype/jackson-datatype-jdk8/2.15.4/jackson-datatype-jdk8-2.15.4.jar:/home/junaid/.m2/repository/com/fasterxml/jackson/datatype/jackson-datatype-jsr310/2.15.4/jackson-datatype-jsr310-2.15.4.jar:/home/junaid/.m2/repository/com/fasterxml/jackson/module/jackson-module-parameter-names/2.15.4/jackson-module-parameter-names-2.15.4.jar:/home/junaid/.m2/repository/org/springframework/boot/spring-boot-starter-tomcat/3.2.10-SNAPSHOT/spring-boot-starter-tomcat-3.2.10-SNAPSHOT.jar:/home/junaid/.m2/repository/org/apache/tomcat/embed/tomcat-embed-core/10.1.28/tomcat-embed-core-10.1.28.jar:/home/junaid/.m2/repository/org/apache/tomcat/embed/tomcat-embed-el/10.1.28/tomcat-embed-el-10.1.28.jar:/home/junaid/.m2/repository/org/apache/tomcat/embed/tomcat-embed-websocket/10.1.28/tomcat-embed-websocket-10.1.28.jar:/home/junaid/.m2/repository/org/springframework/spring-web/6.1.12/spring-web-6.1.12.jar:/home/junaid/.m2/repository/org/springframework/spring-beans/6.1.12/spring-beans-6.1.12.jar:/home/junaid/.m2/repository/org/springframework/spring-webmvc/6.1.12/spring-webmvc-6.1.12.jar:/home/junaid/.m2/repository/org/springframework/spring-aop/6.1.12/spring-aop-6.1.12.jar:/home/junaid/.m2/repository/org/springframework/spring-expression/6.1.12/spring-expression-6.1.12.jar:/home/junaid/.m2/repository/org/springframework/boot/spring-boot-starter-actuator/3.2.10-SNAPSHOT/spring-boot-starter-actuator-3.2.10-SNAPSHOT.jar:/home/junaid/.m2/repository/org/springframework/boot/spring-boot-actuator-autoconfigure/3.2.10-SNAPSHOT/spring-boot-actuator-autoconfigure-3.2.10-SNAPSHOT.jar:/home/junaid/.m2/repository/org/springframework/boot/spring-boot-actuator/3.2.10-SNAPSHOT/spring-boot-actuator-3.2.10-SNAPSHOT.jar:/home/junaid/.m2/repository/io/micrometer/micrometer-observation/1.12.9/micrometer-observation-1.12.9.jar:/home/junaid/.m2/repository/io/micrometer/micrometer-commons/1.12.9/micrometer-commons-1.12.9.jar:/home/junaid/.m2/repository/io/micrometer/micrometer-jakarta9/1.12.9/micrometer-jakarta9-1.12.9.jar:/home/junaid/.m2/repository/io/micrometer/micrometer-core/1.12.9/micrometer-core-1.12.9.jar:/home/junaid/.m2/repository/org/hdrhistogram/HdrHistogram/2.1.12/HdrHistogram-2.1.12.jar:/home/junaid/.m2/repository/org/latencyutils/LatencyUtils/2.0.3/LatencyUtils-2.0.3.jar:/home/junaid/.m2/repository/org/springframework/boot/spring-boot-starter-freemarker/3.2.10-SNAPSHOT/spring-boot-starter-freemarker-3.2.10-SNAPSHOT.jar:/home/junaid/.m2/repository/org/freemarker/freemarker/2.3.33/freemarker-2.3.33.jar:/home/junaid/.m2/repository/org/springframework/spring-context-support/6.1.12/spring-context-support-6.1.12.jar:/home/junaid/.m2/repository/org/springframework/cloud/spring-cloud-netflix-eureka-client/4.1.3/spring-cloud-netflix-eureka-client-4.1.3.jar:/home/junaid/.m2/repository/com/netflix/eureka/eureka-client/2.0.3/eureka-client-2.0.3.jar:/home/junaid/.m2/repository/com/thoughtworks/xstream/xstream/1.4.20/xstream-1.4.20.jar:/home/junaid/.m2/repository/io/github/x-stream/mxparser/1.2.2/mxparser-1.2.2.jar:/home/junaid/.m2/repository/xmlpull/xmlpull/1.1.3.1/xmlpull-1.1.3.1.jar:/home/junaid/.m2/repository/com/netflix/spectator/spectator-api/1.7.3/spectator-api-1.7.3.jar:/home/junaid/.m2/repository/org/apache/httpcomponents/httpclient/4.5.3/httpclient-4.5.3.jar:/home/junaid/.m2/repository/org/apache/httpcomponents/httpcore/4.4.16/httpcore-4.4.16.jar:/home/junaid/.m2/repository/commons-configuration/commons-configuration/1.10/commons-configuration-1.10.jar:/home/junaid/.m2/repository/commons-lang/commons-lang/2.6/commons-lang-2.6.jar:/home/junaid/.m2/repository/com/netflix/netflix-commons/netflix-eventbus/0.3.0/netflix-eventbus-0.3.0.jar:/home/junaid/.m2/repository/com/netflix/netflix-commons/netflix-infix/0.3.0/netflix-infix-0.3.0.jar:/home/junaid/.m2/repository/commons-jxpath/commons-jxpath/1.3/commons-jxpath-1.3.jar:/home/junaid/.m2/repository/joda-time/joda-time/2.3/joda-time-2.3.jar:/home/junaid/.m2/repository/org/antlr/antlr-runtime/3.4/antlr-runtime-3.4.jar:/home/junaid/.m2/repository/org/antlr/stringtemplate/3.2.1/stringtemplate-3.2.1.jar:/home/junaid/.m2/repository/antlr/antlr/2.7.7/antlr-2.7.7.jar:/home/junaid/.m2/repository/com/google/code/gson/gson/2.10.1/gson-2.10.1.jar:/home/junaid/.m2/repository/com/netflix/servo/servo-core/0.5.3/servo-core-0.5.3.jar:/home/junaid/.m2/repository/org/apache/commons/commons-math/2.2/commons-math-2.2.jar:/home/junaid/.m2/repository/javax/annotation/javax.annotation-api/1.2/javax.annotation-api-1.2.jar:/home/junaid/.m2/repository/org/codehaus/jettison/jettison/1.5.4/jettison-1.5.4.jar:/home/junaid/.m2/repository/org/apache/httpcomponents/client5/httpclient5/5.2.3/httpclient5-5.2.3.jar:/home/junaid/.m2/repository/org/apache/httpcomponents/core5/httpcore5/5.2.5/httpcore5-5.2.5.jar:/home/junaid/.m2/repository/org/apache/httpcomponents/core5/httpcore5-h2/5.2.5/httpcore5-h2-5.2.5.jar:/home/junaid/.m2/repository/com/netflix/eureka/eureka-client-jersey3/2.0.3/eureka-client-jersey3-2.0.3.jar:/home/junaid/.m2/repository/org/glassfish/jersey/connectors/jersey-apache-connector/3.1.8/jersey-apache-connector-3.1.8.jar:/home/junaid/.m2/repository/commons-codec/commons-codec/1.16.1/commons-codec-1.16.1.jar:/home/junaid/.m2/repository/commons-logging/commons-logging/1.3.1/commons-logging-1.3.1.jar:/home/junaid/.m2/repository/com/netflix/eureka/eureka-core-jersey3/2.0.3/eureka-core-jersey3-2.0.3.jar:/home/junaid/.m2/repository/com/netflix/eureka/eureka-core/2.0.3/eureka-core-2.0.3.jar:/home/junaid/.m2/repository/com/google/guava/guava/33.0.0-jre/guava-33.0.0-jre.jar:/home/junaid/.m2/repository/com/google/guava/failureaccess/1.0.2/failureaccess-1.0.2.jar:/home/junaid/.m2/repository/com/google/guava/listenablefuture/9999.0-empty-to-avoid-conflict-with-guava/listenablefuture-9999.0-empty-to-avoid-conflict-with-guava.jar:/home/junaid/.m2/repository/org/checkerframework/checker-qual/3.41.0/checker-qual-3.41.0.jar:/home/junaid/.m2/repository/com/google/errorprone/error_prone_annotations/2.23.0/error_prone_annotations-2.23.0.jar:/home/junaid/.m2/repository/com/google/j2objc/j2objc-annotations/2.8/j2objc-annotations-2.8.jar:/home/junaid/.m2/repository/org/glassfish/jersey/containers/jersey-container-servlet/3.1.8/jersey-container-servlet-3.1.8.jar:/home/junaid/.m2/repository/org/glassfish/jersey/containers/jersey-container-servlet-core/3.1.8/jersey-container-servlet-core-3.1.8.jar:/home/junaid/.m2/repository/org/glassfish/jersey/core/jersey-common/3.1.8/jersey-common-3.1.8.jar:/home/junaid/.m2/repository/org/glassfish/hk2/osgi-resource-locator/1.0.3/osgi-resource-locator-1.0.3.jar:/home/junaid/.m2/repository/jakarta/ws/rs/jakarta.ws.rs-api/3.1.0/jakarta.ws.rs-api-3.1.0.jar:/home/junaid/.m2/repository/org/glassfish/jersey/core/jersey-server/3.1.8/jersey-server-3.1.8.jar:/home/junaid/.m2/repository/jakarta/inject/jakarta.inject-api/2.0.1/jakarta.inject-api-2.0.1.jar:/home/junaid/.m2/repository/jakarta/validation/jakarta.validation-api/3.0.2/jakarta.validation-api-3.0.2.jar:/home/junaid/.m2/repository/org/glassfish/jersey/core/jersey-client/3.1.8/jersey-client-3.1.8.jar:/home/junaid/.m2/repository/org/glassfish/jersey/inject/jersey-hk2/3.1.8/jersey-hk2-3.1.8.jar:/home/junaid/.m2/repository/org/glassfish/hk2/hk2-locator/3.0.6/hk2-locator-3.0.6.jar:/home/junaid/.m2/repository/org/glassfish/hk2/external/aopalliance-repackaged/3.0.6/aopalliance-repackaged-3.0.6.jar:/home/junaid/.m2/repository/org/glassfish/hk2/hk2-utils/3.0.6/hk2-utils-3.0.6.jar:/home/junaid/.m2/repository/org/javassist/javassist/3.30.2-GA/javassist-3.30.2-GA.jar:/home/junaid/.m2/repository/org/glassfish/hk2/spring-bridge/3.1.1/spring-bridge-3.1.1.jar:/home/junaid/.m2/repository/org/glassfish/hk2/hk2-api/3.1.1/hk2-api-3.1.1.jar:/home/junaid/.m2/repository/org/springframework/spring-context/6.1.12/spring-context-6.1.12.jar:/home/junaid/.m2/repository/com/fasterxml/jackson/dataformat/jackson-dataformat-xml/2.15.4/jackson-dataformat-xml-2.15.4.jar:/home/junaid/.m2/repository/com/fasterxml/jackson/core/jackson-core/2.15.4/jackson-core-2.15.4.jar:/home/junaid/.m2/repository/com/fasterxml/jackson/core/jackson-annotations/2.15.4/jackson-annotations-2.15.4.jar:/home/junaid/.m2/repository/com/fasterxml/jackson/core/jackson-databind/2.15.4/jackson-databind-2.15.4.jar:/home/junaid/.m2/repository/org/codehaus/woodstox/stax2-api/4.2.1/stax2-api-4.2.1.jar:/home/junaid/.m2/repository/com/fasterxml/woodstox/woodstox-core/6.5.1/woodstox-core-6.5.1.jar:/home/junaid/.m2/repository/org/springframework/cloud/spring-cloud-starter-loadbalancer/4.1.4/spring-cloud-starter-loadbalancer-4.1.4.jar:/home/junaid/.m2/repository/org/springframework/cloud/spring-cloud-loadbalancer/4.1.4/spring-cloud-loadbalancer-4.1.4.jar:/home/junaid/.m2/repository/io/projectreactor/reactor-core/3.6.9/reactor-core-3.6.9.jar:/home/junaid/.m2/repository/org/reactivestreams/reactive-streams/1.0.4/reactive-streams-1.0.4.jar:/home/junaid/.m2/repository/io/projectreactor/addons/reactor-extra/3.5.2/reactor-extra-3.5.2.jar:/home/junaid/.m2/repository/org/springframework/boot/spring-boot-starter-cache/3.2.10-SNAPSHOT/spring-boot-starter-cache-3.2.10-SNAPSHOT.jar:/home/junaid/.m2/repository/com/stoyanr/evictor/1.0.0/evictor-1.0.0.jar:/home/junaid/.m2/repository/org/glassfish/jaxb/jaxb-runtime/4.0.5/jaxb-runtime-4.0.5.jar:/home/junaid/.m2/repository/org/glassfish/jaxb/jaxb-core/4.0.5/jaxb-core-4.0.5.jar:/home/junaid/.m2/repository/org/eclipse/angus/angus-activation/2.0.2/angus-activation-2.0.2.jar:/home/junaid/.m2/repository/org/glassfish/jaxb/txw2/4.0.5/txw2-4.0.5.jar:/home/junaid/.m2/repository/com/sun/istack/istack-commons-runtime/4.1.2/istack-commons-runtime-4.1.2.jar:/home/junaid/.m2/repository/org/springframework/boot/spring-boot-starter-test/3.2.10-SNAPSHOT/spring-boot-starter-test-3.2.10-SNAPSHOT.jar:/home/junaid/.m2/repository/org/springframework/boot/spring-boot-starter/3.2.10-SNAPSHOT/spring-boot-starter-3.2.10-SNAPSHOT.jar:/home/junaid/.m2/repository/org/springframework/boot/spring-boot/3.2.10-SNAPSHOT/spring-boot-3.2.10-SNAPSHOT.jar:/home/junaid/.m2/repository/org/springframework/boot/spring-boot-autoconfigure/3.2.10-SNAPSHOT/spring-boot-autoconfigure-3.2.10-SNAPSHOT.jar:/home/junaid/.m2/repository/org/springframework/boot/spring-boot-starter-logging/3.2.10-SNAPSHOT/spring-boot-starter-logging-3.2.10-SNAPSHOT.jar:/home/junaid/.m2/repository/ch/qos/logback/logback-classic/1.4.14/logback-classic-1.4.14.jar:/home/junaid/.m2/repository/ch/qos/logback/logback-core/1.4.14/logback-core-1.4.14.jar:/home/junaid/.m2/repository/org/apache/logging/log4j/log4j-to-slf4j/2.21.1/log4j-to-slf4j-2.21.1.jar:/home/junaid/.m2/repository/org/apache/logging/log4j/log4j-api/2.21.1/log4j-api-2.21.1.jar:/home/junaid/.m2/repository/org/slf4j/jul-to-slf4j/2.0.16/jul-to-slf4j-2.0.16.jar:/home/junaid/.m2/repository/jakarta/annotation/jakarta.annotation-api/2.1.1/jakarta.annotation-api-2.1.1.jar:/home/junaid/.m2/repository/org/yaml/snakeyaml/2.2/snakeyaml-2.2.jar:/home/junaid/.m2/repository/org/springframework/boot/spring-boot-test/3.2.10-SNAPSHOT/spring-boot-test-3.2.10-SNAPSHOT.jar:/home/junaid/.m2/repository/org/springframework/boot/spring-boot-test-autoconfigure/3.2.10-SNAPSHOT/spring-boot-test-autoconfigure-3.2.10-SNAPSHOT.jar:/home/junaid/.m2/repository/com/jayway/jsonpath/json-path/2.9.0/json-path-2.9.0.jar:/home/junaid/.m2/repository/org/slf4j/slf4j-api/2.0.16/slf4j-api-2.0.16.jar:/home/junaid/.m2/repository/jakarta/xml/bind/jakarta.xml.bind-api/4.0.2/jakarta.xml.bind-api-4.0.2.jar:/home/junaid/.m2/repository/jakarta/activation/jakarta.activation-api/2.1.3/jakarta.activation-api-2.1.3.jar:/home/junaid/.m2/repository/net/minidev/json-smart/2.5.1/json-smart-2.5.1.jar:/home/junaid/.m2/repository/net/minidev/accessors-smart/2.5.1/accessors-smart-2.5.1.jar:/home/junaid/.m2/repository/org/ow2/asm/asm/9.6/asm-9.6.jar:/home/junaid/.m2/repository/org/assertj/assertj-core/3.24.2/assertj-core-3.24.2.jar:/home/junaid/.m2/repository/net/bytebuddy/byte-buddy/1.14.19/byte-buddy-1.14.19.jar:/home/junaid/.m2/repository/org/awaitility/awaitility/4.2.2/awaitility-4.2.2.jar:/home/junaid/.m2/repository/org/hamcrest/hamcrest/2.2/hamcrest-2.2.jar:/home/junaid/.m2/repository/org/junit/jupiter/junit-jupiter/5.10.3/junit-jupiter-5.10.3.jar:/home/junaid/.m2/repository/org/junit/jupiter/junit-jupiter-api/5.10.3/junit-jupiter-api-5.10.3.jar:/home/junaid/.m2/repository/org/opentest4j/opentest4j/1.3.0/opentest4j-1.3.0.jar:/home/junaid/.m2/repository/org/junit/platform/junit-platform-commons/1.10.3/junit-platform-commons-1.10.3.jar:/home/junaid/.m2/repository/org/apiguardian/apiguardian-api/1.1.2/apiguardian-api-1.1.2.jar:/home/junaid/.m2/repository/org/junit/jupiter/junit-jupiter-params/5.10.3/junit-jupiter-params-5.10.3.jar:/home/junaid/.m2/repository/org/junit/jupiter/junit-jupiter-engine/5.10.3/junit-jupiter-engine-5.10.3.jar:/home/junaid/.m2/repository/org/junit/platform/junit-platform-engine/1.10.3/junit-platform-engine-1.10.3.jar:/home/junaid/.m2/repository/org/mockito/mockito-core/5.7.0/mockito-core-5.7.0.jar:/home/junaid/.m2/repository/net/bytebuddy/byte-buddy-agent/1.14.19/byte-buddy-agent-1.14.19.jar:/home/junaid/.m2/repository/org/objenesis/objenesis/3.3/objenesis-3.3.jar:/home/junaid/.m2/repository/org/mockito/mockito-junit-jupiter/5.7.0/mockito-junit-jupiter-5.7.0.jar:/home/junaid/.m2/repository/org/skyscreamer/jsonassert/1.5.3/jsonassert-1.5.3.jar:/home/junaid/.m2/repository/com/vaadin/external/google/android-json/0.0.20131108.vaadin1/android-json-0.0.20131108.vaadin1.jar:/home/junaid/.m2/repository/org/springframework/spring-core/6.1.12/spring-core-6.1.12.jar:/home/junaid/.m2/repository/org/springframework/spring-jcl/6.1.12/spring-jcl-6.1.12.jar:/home/junaid/.m2/repository/org/springframework/spring-test/6.1.12/spring-test-6.1.12.jar:/home/junaid/.m2/repository/org/xmlunit/xmlunit-core/2.9.1/xmlunit-core-2.9.1.jar:"/>
    <property name="java.vm.vendor" value="Ubuntu"/>
    <property name="sun.arch.data.model" value="64"/>
    <property name="java.vendor.url" value="https://ubuntu.com/"/>
    <property name="user.timezone" value="Asia/Kolkata"/>
    <property name="os.name" value="Linux"/>
    <property name="java.vm.specification.version" value="17"/>
    <property name="sun.java.launcher" value="SUN_STANDARD"/>
    <property name="user.country" value="US"/>
    <property name="sun.boot.library.path" value="/usr/lib/jvm/java-17-openjdk-amd64/lib"/>
    <property name="sun.java.command" value="/home/junaid/Workspaces/Swigato2/docker-fo-eurekaserver/target/surefire/surefirebooter-20240824181555494_3.jar /home/junaid/Workspaces/Swigato2/docker-fo-eurekaserver/target/surefire 2024-08-24T18-15-54_806-jvmRun1 surefire-20240824181555494_1tmp surefire_0-20240824181555494_2tmp"/>
    <property name="jdk.debug" value="release"/>
    <property name="surefire.test.class.path" value="/home/junaid/Workspaces/Swigato2/docker-fo-eurekaserver/target/test-classes:/home/junaid/Workspaces/Swigato2/docker-fo-eurekaserver/target/classes:/home/junaid/.m2/repository/org/springframework/cloud/spring-cloud-starter-netflix-eureka-server/4.1.3/spring-cloud-starter-netflix-eureka-server-4.1.3.jar:/home/junaid/.m2/repository/org/springframework/cloud/spring-cloud-starter/4.1.4/spring-cloud-starter-4.1.4.jar:/home/junaid/.m2/repository/org/springframework/cloud/spring-cloud-context/4.1.4/spring-cloud-context-4.1.4.jar:/home/junaid/.m2/repository/org/springframework/security/spring-security-crypto/6.2.6/spring-security-crypto-6.2.6.jar:/home/junaid/.m2/repository/org/springframework/cloud/spring-cloud-commons/4.1.4/spring-cloud-commons-4.1.4.jar:/home/junaid/.m2/repository/org/springframework/security/spring-security-rsa/1.1.3/spring-security-rsa-1.1.3.jar:/home/junaid/.m2/repository/org/bouncycastle/bcprov-jdk18on/1.78/bcprov-jdk18on-1.78.jar:/home/junaid/.m2/repository/org/springframework/cloud/spring-cloud-netflix-eureka-server/4.1.3/spring-cloud-netflix-eureka-server-4.1.3.jar:/home/junaid/.m2/repository/org/springframework/boot/spring-boot-starter-web/3.2.10-SNAPSHOT/spring-boot-starter-web-3.2.10-SNAPSHOT.jar:/home/junaid/.m2/repository/org/springframework/boot/spring-boot-starter-json/3.2.10-SNAPSHOT/spring-boot-starter-json-3.2.10-SNAPSHOT.jar:/home/junaid/.m2/repository/com/fasterxml/jackson/datatype/jackson-datatype-jdk8/2.15.4/jackson-datatype-jdk8-2.15.4.jar:/home/junaid/.m2/repository/com/fasterxml/jackson/datatype/jackson-datatype-jsr310/2.15.4/jackson-datatype-jsr310-2.15.4.jar:/home/junaid/.m2/repository/com/fasterxml/jackson/module/jackson-module-parameter-names/2.15.4/jackson-module-parameter-names-2.15.4.jar:/home/junaid/.m2/repository/org/springframework/boot/spring-boot-starter-tomcat/3.2.10-SNAPSHOT/spring-boot-starter-tomcat-3.2.10-SNAPSHOT.jar:/home/junaid/.m2/repository/org/apache/tomcat/embed/tomcat-embed-core/10.1.28/tomcat-embed-core-10.1.28.jar:/home/junaid/.m2/repository/org/apache/tomcat/embed/tomcat-embed-el/10.1.28/tomcat-embed-el-10.1.28.jar:/home/junaid/.m2/repository/org/apache/tomcat/embed/tomcat-embed-websocket/10.1.28/tomcat-embed-websocket-10.1.28.jar:/home/junaid/.m2/repository/org/springframework/spring-web/6.1.12/spring-web-6.1.12.jar:/home/junaid/.m2/repository/org/springframework/spring-beans/6.1.12/spring-beans-6.1.12.jar:/home/junaid/.m2/repository/org/springframework/spring-webmvc/6.1.12/spring-webmvc-6.1.12.jar:/home/junaid/.m2/repository/org/springframework/spring-aop/6.1.12/spring-aop-6.1.12.jar:/home/junaid/.m2/repository/org/springframework/spring-expression/6.1.12/spring-expression-6.1.12.jar:/home/junaid/.m2/repository/org/springframework/boot/spring-boot-starter-actuator/3.2.10-SNAPSHOT/spring-boot-starter-actuator-3.2.10-SNAPSHOT.jar:/home/junaid/.m2/repository/org/springframework/boot/spring-boot-actuator-autoconfigure/3.2.10-SNAPSHOT/spring-boot-actuator-autoconfigure-3.2.10-SNAPSHOT.jar:/home/junaid/.m2/repository/org/springframework/boot/spring-boot-actuator/3.2.10-SNAPSHOT/spring-boot-actuator-3.2.10-SNAPSHOT.jar:/home/junaid/.m2/repository/io/micrometer/micrometer-observation/1.12.9/micrometer-observation-1.12.9.jar:/home/junaid/.m2/repository/io/micrometer/micrometer-commons/1.12.9/micrometer-commons-1.12.9.jar:/home/junaid/.m2/repository/io/micrometer/micrometer-jakarta9/1.12.9/micrometer-jakarta9-1.12.9.jar:/home/junaid/.m2/repository/io/micrometer/micrometer-core/1.12.9/micrometer-core-1.12.9.jar:/home/junaid/.m2/repository/org/hdrhistogram/HdrHistogram/2.1.12/HdrHistogram-2.1.12.jar:/home/junaid/.m2/repository/org/latencyutils/LatencyUtils/2.0.3/LatencyUtils-2.0.3.jar:/home/junaid/.m2/repository/org/springframework/boot/spring-boot-starter-freemarker/3.2.10-SNAPSHOT/spring-boot-starter-freemarker-3.2.10-SNAPSHOT.jar:/home/junaid/.m2/repository/org/freemarker/freemarker/2.3.33/freemarker-2.3.33.jar:/home/junaid/.m2/repository/org/springframework/spring-context-support/6.1.12/spring-context-support-6.1.12.jar:/home/junaid/.m2/repository/org/springframework/cloud/spring-cloud-netflix-eureka-client/4.1.3/spring-cloud-netflix-eureka-client-4.1.3.jar:/home/junaid/.m2/repository/com/netflix/eureka/eureka-client/2.0.3/eureka-client-2.0.3.jar:/home/junaid/.m2/repository/com/thoughtworks/xstream/xstream/1.4.20/xstream-1.4.20.jar:/home/junaid/.m2/repository/io/github/x-stream/mxparser/1.2.2/mxparser-1.2.2.jar:/home/junaid/.m2/repository/xmlpull/xmlpull/1.1.3.1/xmlpull-1.1.3.1.jar:/home/junaid/.m2/repository/com/netflix/spectator/spectator-api/1.7.3/spectator-api-1.7.3.jar:/home/junaid/.m2/repository/org/apache/httpcomponents/httpclient/4.5.3/httpclient-4.5.3.jar:/home/junaid/.m2/repository/org/apache/httpcomponents/httpcore/4.4.16/httpcore-4.4.16.jar:/home/junaid/.m2/repository/commons-configuration/commons-configuration/1.10/commons-configuration-1.10.jar:/home/junaid/.m2/repository/commons-lang/commons-lang/2.6/commons-lang-2.6.jar:/home/junaid/.m2/repository/com/netflix/netflix-commons/netflix-eventbus/0.3.0/netflix-eventbus-0.3.0.jar:/home/junaid/.m2/repository/com/netflix/netflix-commons/netflix-infix/0.3.0/netflix-infix-0.3.0.jar:/home/junaid/.m2/repository/commons-jxpath/commons-jxpath/1.3/commons-jxpath-1.3.jar:/home/junaid/.m2/repository/joda-time/joda-time/2.3/joda-time-2.3.jar:/home/junaid/.m2/repository/org/antlr/antlr-runtime/3.4/antlr-runtime-3.4.jar:/home/junaid/.m2/repository/org/antlr/stringtemplate/3.2.1/stringtemplate-3.2.1.jar:/home/junaid/.m2/repository/antlr/antlr/2.7.7/antlr-2.7.7.jar:/home/junaid/.m2/repository/com/google/code/gson/gson/2.10.1/gson-2.10.1.jar:/home/junaid/.m2/repository/com/netflix/servo/servo-core/0.5.3/servo-core-0.5.3.jar:/home/junaid/.m2/repository/org/apache/commons/commons-math/2.2/commons-math-2.2.jar:/home/junaid/.m2/repository/javax/annotation/javax.annotation-api/1.2/javax.annotation-api-1.2.jar:/home/junaid/.m2/repository/org/codehaus/jettison/jettison/1.5.4/jettison-1.5.4.jar:/home/junaid/.m2/repository/org/apache/httpcomponents/client5/httpclient5/5.2.3/httpclient5-5.2.3.jar:/home/junaid/.m2/repository/org/apache/httpcomponents/core5/httpcore5/5.2.5/httpcore5-5.2.5.jar:/home/junaid/.m2/repository/org/apache/httpcomponents/core5/httpcore5-h2/5.2.5/httpcore5-h2-5.2.5.jar:/home/junaid/.m2/repository/com/netflix/eureka/eureka-client-jersey3/2.0.3/eureka-client-jersey3-2.0.3.jar:/home/junaid/.m2/repository/org/glassfish/jersey/connectors/jersey-apache-connector/3.1.8/jersey-apache-connector-3.1.8.jar:/home/junaid/.m2/repository/commons-codec/commons-codec/1.16.1/commons-codec-1.16.1.jar:/home/junaid/.m2/repository/commons-logging/commons-logging/1.3.1/commons-logging-1.3.1.jar:/home/junaid/.m2/repository/com/netflix/eureka/eureka-core-jersey3/2.0.3/eureka-core-jersey3-2.0.3.jar:/home/junaid/.m2/repository/com/netflix/eureka/eureka-core/2.0.3/eureka-core-2.0.3.jar:/home/junaid/.m2/repository/com/google/guava/guava/33.0.0-jre/guava-33.0.0-jre.jar:/home/junaid/.m2/repository/com/google/guava/failureaccess/1.0.2/failureaccess-1.0.2.jar:/home/junaid/.m2/repository/com/google/guava/listenablefuture/9999.0-empty-to-avoid-conflict-with-guava/listenablefuture-9999.0-empty-to-avoid-conflict-with-guava.jar:/home/junaid/.m2/repository/org/checkerframework/checker-qual/3.41.0/checker-qual-3.41.0.jar:/home/junaid/.m2/repository/com/google/errorprone/error_prone_annotations/2.23.0/error_prone_annotations-2.23.0.jar:/home/junaid/.m2/repository/com/google/j2objc/j2objc-annotations/2.8/j2objc-annotations-2.8.jar:/home/junaid/.m2/repository/org/glassfish/jersey/containers/jersey-container-servlet/3.1.8/jersey-container-servlet-3.1.8.jar:/home/junaid/.m2/repository/org/glassfish/jersey/containers/jersey-container-servlet-core/3.1.8/jersey-container-servlet-core-3.1.8.jar:/home/junaid/.m2/repository/org/glassfish/jersey/core/jersey-common/3.1.8/jersey-common-3.1.8.jar:/home/junaid/.m2/repository/org/glassfish/hk2/osgi-resource-locator/1.0.3/osgi-resource-locator-1.0.3.jar:/home/junaid/.m2/repository/jakarta/ws/rs/jakarta.ws.rs-api/3.1.0/jakarta.ws.rs-api-3.1.0.jar:/home/junaid/.m2/repository/org/glassfish/jersey/core/jersey-server/3.1.8/jersey-server-3.1.8.jar:/home/junaid/.m2/repository/jakarta/inject/jakarta.inject-api/2.0.1/jakarta.inject-api-2.0.1.jar:/home/junaid/.m2/repository/jakarta/validation/jakarta.validation-api/3.0.2/jakarta.validation-api-3.0.2.jar:/home/junaid/.m2/repository/org/glassfish/jersey/core/jersey-client/3.1.8/jersey-client-3.1.8.jar:/home/junaid/.m2/repository/org/glassfish/jersey/inject/jersey-hk2/3.1.8/jersey-hk2-3.1.8.jar:/home/junaid/.m2/repository/org/glassfish/hk2/hk2-locator/3.0.6/hk2-locator-3.0.6.jar:/home/junaid/.m2/repository/org/glassfish/hk2/external/aopalliance-repackaged/3.0.6/aopalliance-repackaged-3.0.6.jar:/home/junaid/.m2/repository/org/glassfish/hk2/hk2-utils/3.0.6/hk2-utils-3.0.6.jar:/home/junaid/.m2/repository/org/javassist/javassist/3.30.2-GA/javassist-3.30.2-GA.jar:/home/junaid/.m2/repository/org/glassfish/hk2/spring-bridge/3.1.1/spring-bridge-3.1.1.jar:/home/junaid/.m2/repository/org/glassfish/hk2/hk2-api/3.1.1/hk2-api-3.1.1.jar:/home/junaid/.m2/repository/org/springframework/spring-context/6.1.12/spring-context-6.1.12.jar:/home/junaid/.m2/repository/com/fasterxml/jackson/dataformat/jackson-dataformat-xml/2.15.4/jackson-dataformat-xml-2.15.4.jar:/home/junaid/.m2/repository/com/fasterxml/jackson/core/jackson-core/2.15.4/jackson-core-2.15.4.jar:/home/junaid/.m2/repository/com/fasterxml/jackson/core/jackson-annotations/2.15.4/jackson-annotations-2.15.4.jar:/home/junaid/.m2/repository/com/fasterxml/jackson/core/jackson-databind/2.15.4/jackson-databind-2.15.4.jar:/home/junaid/.m2/repository/org/codehaus/woodstox/stax2-api/4.2.1/stax2-api-4.2.1.jar:/home/junaid/.m2/repository/com/fasterxml/woodstox/woodstox-core/6.5.1/woodstox-core-6.5.1.jar:/home/junaid/.m2/repository/org/springframework/cloud/spring-cloud-starter-loadbalancer/4.1.4/spring-cloud-starter-loadbalancer-4.1.4.jar:/home/junaid/.m2/repository/org/springframework/cloud/spring-cloud-loadbalancer/4.1.4/spring-cloud-loadbalancer-4.1.4.jar:/home/junaid/.m2/repository/io/projectreactor/reactor-core/3.6.9/reactor-core-3.6.9.jar:/home/junaid/.m2/repository/org/reactivestreams/reactive-streams/1.0.4/reactive-streams-1.0.4.jar:/home/junaid/.m2/repository/io/projectreactor/addons/reactor-extra/3.5.2/reactor-extra-3.5.2.jar:/home/junaid/.m2/repository/org/springframework/boot/spring-boot-starter-cache/3.2.10-SNAPSHOT/spring-boot-starter-cache-3.2.10-SNAPSHOT.jar:/home/junaid/.m2/repository/com/stoyanr/evictor/1.0.0/evictor-1.0.0.jar:/home/junaid/.m2/repository/org/glassfish/jaxb/jaxb-runtime/4.0.5/jaxb-runtime-4.0.5.jar:/home/junaid/.m2/repository/org/glassfish/jaxb/jaxb-core/4.0.5/jaxb-core-4.0.5.jar:/home/junaid/.m2/repository/org/eclipse/angus/angus-activation/2.0.2/angus-activation-2.0.2.jar:/home/junaid/.m2/repository/org/glassfish/jaxb/txw2/4.0.5/txw2-4.0.5.jar:/home/junaid/.m2/repository/com/sun/istack/istack-commons-runtime/4.1.2/istack-commons-runtime-4.1.2.jar:/home/junaid/.m2/repository/org/springframework/boot/spring-boot-starter-test/3.2.10-SNAPSHOT/spring-boot-starter-test-3.2.10-SNAPSHOT.jar:/home/junaid/.m2/repository/org/springframework/boot/spring-boot-starter/3.2.10-SNAPSHOT/spring-boot-starter-3.2.10-SNAPSHOT.jar:/home/junaid/.m2/repository/org/springframework/boot/spring-boot/3.2.10-SNAPSHOT/spring-boot-3.2.10-SNAPSHOT.jar:/home/junaid/.m2/repository/org/springframework/boot/spring-boot-autoconfigure/3.2.10-SNAPSHOT/spring-boot-autoconfigure-3.2.10-SNAPSHOT.jar:/home/junaid/.m2/repository/org/springframework/boot/spring-boot-starter-logging/3.2.10-SNAPSHOT/spring-boot-starter-logging-3.2.10-SNAPSHOT.jar:/home/junaid/.m2/repository/ch/qos/logback/logback-classic/1.4.14/logback-classic-1.4.14.jar:/home/junaid/.m2/repository/ch/qos/logback/logback-core/1.4.14/logback-core-1.4.14.jar:/home/junaid/.m2/repository/org/apache/logging/log4j/log4j-to-slf4j/2.21.1/log4j-to-slf4j-2.21.1.jar:/home/junaid/.m2/repository/org/apache/logging/log4j/log4j-api/2.21.1/log4j-api-2.21.1.jar:/home/junaid/.m2/repository/org/slf4j/jul-to-slf4j/2.0.16/jul-to-slf4j-2.0.16.jar:/home/junaid/.m2/repository/jakarta/annotation/jakarta.annotation-api/2.1.1/jakarta.annotation-api-2.1.1.jar:/home/junaid/.m2/repository/org/yaml/snakeyaml/2.2/snakeyaml-2.2.jar:/home/junaid/.m2/repository/org/springframework/boot/spring-boot-test/3.2.10-SNAPSHOT/spring-boot-test-3.2.10-SNAPSHOT.jar:/home/junaid/.m2/repository/org/springframework/boot/spring-boot-test-autoconfigure/3.2.10-SNAPSHOT/spring-boot-test-autoconfigure-3.2.10-SNAPSHOT.jar:/home/junaid/.m2/repository/com/jayway/jsonpath/json-path/2.9.0/json-path-2.9.0.jar:/home/junaid/.m2/repository/org/slf4j/slf4j-api/2.0.16/slf4j-api-2.0.16.jar:/home/junaid/.m2/repository/jakarta/xml/bind/jakarta.xml.bind-api/4.0.2/jakarta.xml.bind-api-4.0.2.jar:/home/junaid/.m2/repository/jakarta/activation/jakarta.activation-api/2.1.3/jakarta.activation-api-2.1.3.jar:/home/junaid/.m2/repository/net/minidev/json-smart/2.5.1/json-smart-2.5.1.jar:/home/junaid/.m2/repository/net/minidev/accessors-smart/2.5.1/accessors-smart-2.5.1.jar:/home/junaid/.m2/repository/org/ow2/asm/asm/9.6/asm-9.6.jar:/home/junaid/.m2/repository/org/assertj/assertj-core/3.24.2/assertj-core-3.24.2.jar:/home/junaid/.m2/repository/net/bytebuddy/byte-buddy/1.14.19/byte-buddy-1.14.19.jar:/home/junaid/.m2/repository/org/awaitility/awaitility/4.2.2/awaitility-4.2.2.jar:/home/junaid/.m2/repository/org/hamcrest/hamcrest/2.2/hamcrest-2.2.jar:/home/junaid/.m2/repository/org/junit/jupiter/junit-jupiter/5.10.3/junit-jupiter-5.10.3.jar:/home/junaid/.m2/repository/org/junit/jupiter/junit-jupiter-api/5.10.3/junit-jupiter-api-5.10.3.jar:/home/junaid/.m2/repository/org/opentest4j/opentest4j/1.3.0/opentest4j-1.3.0.jar:/home/junaid/.m2/repository/org/junit/platform/junit-platform-commons/1.10.3/junit-platform-commons-1.10.3.jar:/home/junaid/.m2/repository/org/apiguardian/apiguardian-api/1.1.2/apiguardian-api-1.1.2.jar:/home/junaid/.m2/repository/org/junit/jupiter/junit-jupiter-params/5.10.3/junit-jupiter-params-5.10.3.jar:/home/junaid/.m2/repository/org/junit/jupiter/junit-jupiter-engine/5.10.3/junit-jupiter-engine-5.10.3.jar:/home/junaid/.m2/repository/org/junit/platform/junit-platform-engine/1.10.3/junit-platform-engine-1.10.3.jar:/home/junaid/.m2/repository/org/mockito/mockito-core/5.7.0/mockito-core-5.7.0.jar:/home/junaid/.m2/repository/net/bytebuddy/byte-buddy-agent/1.14.19/byte-buddy-agent-1.14.19.jar:/home/junaid/.m2/repository/org/objenesis/objenesis/3.3/objenesis-3.3.jar:/home/junaid/.m2/repository/org/mockito/mockito-junit-jupiter/5.7.0/mockito-junit-jupiter-5.7.0.jar:/home/junaid/.m2/repository/org/skyscreamer/jsonassert/1.5.3/jsonassert-1.5.3.jar:/home/junaid/.m2/repository/com/vaadin/external/google/android-json/0.0.20131108.vaadin1/android-json-0.0.20131108.vaadin1.jar:/home/junaid/.m2/repository/org/springframework/spring-core/6.1.12/spring-core-6.1.12.jar:/home/junaid/.m2/repository/org/springframework/spring-jcl/6.1.12/spring-jcl-6.1.12.jar:/home/junaid/.m2/repository/org/springframework/spring-test/6.1.12/spring-test-6.1.12.jar:/home/junaid/.m2/repository/org/xmlunit/xmlunit-core/2.9.1/xmlunit-core-2.9.1.jar:"/>
    <property name="sun.cpu.endian" value="little"/>
    <property name="user.home" value="/home/junaid"/>
    <property name="user.language" value="en"/>
    <property name="java.specification.vendor" value="Oracle Corporation"/>
    <property name="java.version.date" value="2024-04-16"/>
    <property name="java.home" value="/usr/lib/jvm/java-17-openjdk-amd64"/>
    <property name="file.separator" value="/"/>
    <property name="style.color" value="always"/>
    <property name="basedir" value="/home/junaid/Workspaces/Swigato2/docker-fo-eurekaserver"/>
    <property name="java.vm.compressedOopsMode" value="Zero based"/>
    <property name="line.separator" value="&#10;"/>
    <property name="java.specification.name" value="Java Platform API Specification"/>
    <property name="java.vm.specification.vendor" value="Oracle Corporation"/>
    <property name="FILE_LOG_CHARSET" value="US-ASCII"/>
    <property name="java.awt.headless" value="true"/>
    <property name="surefire.real.class.path" value="/home/junaid/Workspaces/Swigato2/docker-fo-eurekaserver/target/surefire/surefirebooter-20240824181555494_3.jar"/>
    <property name="sun.management.compiler" value="HotSpot 64-Bit Tiered Compilers"/>
    <property name="java.runtime.version" value="17.0.11+9-Ubuntu-123.10.1"/>
    <property name="user.name" value="junaid"/>
    <property name="path.separator" value=":"/>
    <property name="os.version" value="6.5.0-44-generic"/>
    <property name="java.runtime.name" value="OpenJDK Runtime Environment"/>
    <property name="file.encoding" value="ANSI_X3.4-1968"/>
    <property name="java.vm.name" value="OpenJDK 64-Bit Server VM"/>
    <property name="localRepository" value="/home/junaid/.m2/repository"/>
    <property name="java.vendor.url.bug" value="https://bugs.launchpad.net/ubuntu/+source/openjdk-17"/>
    <property name="java.io.tmpdir" value="/tmp"/>
    <property name="java.version" value="17.0.11"/>
    <property name="user.dir" value="/home/junaid/Workspaces/Swigato2/docker-fo-eurekaserver"/>
    <property name="os.arch" value="amd64"/>
    <property name="java.vm.specification.name" value="Java Virtual Machine Specification"/>
    <property name="PID" value="65312"/>
    <property name="CONSOLE_LOG_CHARSET" value="US-ASCII"/>
    <property name="native.encoding" value="ANSI_X3.4-1968"/>
    <property name="java.library.path" value="/usr/java/packages/lib:/usr/lib/x86_64-linux-gnu/jni:/lib/x86_64-linux-gnu:/usr/lib/x86_64-linux-gnu:/usr/lib/jni:/lib:/usr/lib"/>
    <property name="java.vm.info" value="mixed mode, sharing"/>
    <property name="java.vendor" value="Ubuntu"/>
    <property name="java.vm.version" value="17.0.11+9-Ubuntu-123.10.1"/>
    <property name="sun.io.unicode.encoding" value="UnicodeLittle"/>
    <property name="java.class.version" value="61.0"/>
    <property name="LOGGED_APPLICATION_NAME" value="[docker-fo-eurekaserver] "/>
  </properties>
  <testcase name="contextLoads" classname="com.food.docker_fo_eurekaserver.DockerFoEurekaserverApplicationTests" time="0.608">
    <system-out><![CDATA[Standard Commons Logging discovery in action with spring-jcl: please remove commons-logging.jar from classpath in order to avoid potential conflicts
18:15:56.070 [main] INFO org.springframework.test.context.support.AnnotationConfigContextLoaderUtils -- Could not detect default configuration classes for test class [com.food.docker_fo_eurekaserver.DockerFoEurekaserverApplicationTests]: DockerFoEurekaserverApplicationTests does not declare any static, non-private, non-final, nested classes annotated with @Configuration.
18:15:56.129 [main] INFO org.springframework.boot.test.context.SpringBootTestContextBootstrapper -- Found @SpringBootConfiguration com.food.docker_fo_eurekaserver.DockerFoEurekaserverApplication for test class com.food.docker_fo_eurekaserver.DockerFoEurekaserverApplicationTests

  .   ____          _            __ _ _
 /\\ / ___'_ __ _ _(_)_ __  __ _ \ \ \ \
( ( )\___ | '_ | '_| | '_ \/ _` | \ \ \ \
 \\/  ___)| |_)| | | | | || (_| |  ) ) ) )
  '  |____| .__|_| |_|_| |_\__, | / / / /
 =========|_|==============|___/=/_/_/_/
 :: Spring Boot ::      (v3.2.10-SNAPSHOT)

2024-08-24T18:15:56.463+05:30  INFO 65312 --- [docker-fo-eurekaserver] [           main] f.d.DockerFoEurekaserverApplicationTests : Starting DockerFoEurekaserverApplicationTests using Java 17.0.11 with PID 65312 (started by junaid in /home/junaid/Workspaces/Swigato2/docker-fo-eurekaserver)
2024-08-24T18:15:56.464+05:30  INFO 65312 --- [docker-fo-eurekaserver] [           main] f.d.DockerFoEurekaserverApplicationTests : No active profile set, falling back to 1 default profile: "default"
2024-08-24T18:15:57.176+05:30  INFO 65312 --- [docker-fo-eurekaserver] [           main] o.s.cloud.context.scope.GenericScope     : BeanFactory id=8884191b-7f07-37a5-8d55-affd8b9d2d9e
2024-08-24T18:15:57.230+05:30  WARN 65312 --- [docker-fo-eurekaserver] [           main] trationDelegate$BeanPostProcessorChecker : Bean 'org.springframework.cloud.client.loadbalancer.LoadBalancerAutoConfiguration$DeferringLoadBalancerInterceptorConfig' of type [org.springframework.cloud.client.loadbalancer.LoadBalancerAutoConfiguration$DeferringLoadBalancerInterceptorConfig] is not eligible for getting processed by all BeanPostProcessors (for example: not eligible for auto-proxying). The currently created BeanPostProcessor [lbRestClientPostProcessor] is declared through a non-static factory method on that class; consider declaring it as static instead.
2024-08-24T18:15:57.232+05:30  WARN 65312 --- [docker-fo-eurekaserver] [           main] trationDelegate$BeanPostProcessorChecker : Bean 'deferringLoadBalancerInterceptor' of type [org.springframework.cloud.client.loadbalancer.DeferringLoadBalancerInterceptor] is not eligible for getting processed by all BeanPostProcessors (for example: not eligible for auto-proxying). Is this bean getting eagerly injected into a currently created BeanPostProcessor [lbRestClientPostProcessor]? Check the corresponding BeanPostProcessor declaration and its dependencies.
2024-08-24T18:15:58.080+05:30  WARN 65312 --- [docker-fo-eurekaserver] [           main] iguration$LoadBalancerCaffeineWarnLogger : Spring Cloud LoadBalancer is currently working with the default cache. While this cache implementation is useful for development and tests, it's recommended to use Caffeine cache in production.You can switch to using Caffeine cache, by adding it and org.springframework.cache.caffeine.CaffeineCacheManager to the classpath.
2024-08-24T18:15:58.222+05:30  INFO 65312 --- [docker-fo-eurekaserver] [           main] o.s.c.n.eureka.InstanceInfoFactory       : Setting initial instance status as: STARTING
2024-08-24T18:15:58.235+05:30  INFO 65312 --- [docker-fo-eurekaserver] [           main] com.netflix.discovery.DiscoveryClient    : Initializing Eureka in region us-east-1
2024-08-24T18:15:58.236+05:30  INFO 65312 --- [docker-fo-eurekaserver] [           main] com.netflix.discovery.DiscoveryClient    : Client configured to neither register nor query for data.
2024-08-24T18:15:58.237+05:30  INFO 65312 --- [docker-fo-eurekaserver] [           main] com.netflix.discovery.DiscoveryClient    : Discovery Client initialized at timestamp 1724503558236 with initial instances count: 0
2024-08-24T18:15:58.265+05:30  INFO 65312 --- [docker-fo-eurekaserver] [           main] c.n.eureka.DefaultEurekaServerContext    : Initializing ...
2024-08-24T18:15:58.266+05:30  INFO 65312 --- [docker-fo-eurekaserver] [           main] c.n.eureka.cluster.PeerEurekaNodes       : Adding new peer nodes [http://localhost:8761/eureka/]
2024-08-24T18:15:58.365+05:30  INFO 65312 --- [docker-fo-eurekaserver] [           main] c.n.d.provider.DiscoveryJerseyProvider   : Using JSON encoding codec LegacyJacksonJson
2024-08-24T18:15:58.366+05:30  INFO 65312 --- [docker-fo-eurekaserver] [           main] c.n.d.provider.DiscoveryJerseyProvider   : Using JSON decoding codec LegacyJacksonJson
2024-08-24T18:15:58.366+05:30  INFO 65312 --- [docker-fo-eurekaserver] [           main] c.n.d.provider.DiscoveryJerseyProvider   : Using XML encoding codec XStreamXml
2024-08-24T18:15:58.366+05:30  INFO 65312 --- [docker-fo-eurekaserver] [           main] c.n.d.provider.DiscoveryJerseyProvider   : Using XML decoding codec XStreamXml
2024-08-24T18:15:58.408+05:30  INFO 65312 --- [docker-fo-eurekaserver] [           main] c.n.eureka.cluster.PeerEurekaNodes       : Replica node URL:  http://localhost:8761/eureka/
2024-08-24T18:15:58.413+05:30  INFO 65312 --- [docker-fo-eurekaserver] [           main] c.n.e.registry.AbstractInstanceRegistry  : Finished initializing remote region registries. All known remote regions: []
2024-08-24T18:15:58.413+05:30  INFO 65312 --- [docker-fo-eurekaserver] [           main] c.n.eureka.DefaultEurekaServerContext    : Initialized
2024-08-24T18:15:58.497+05:30  INFO 65312 --- [docker-fo-eurekaserver] [           main] o.s.b.a.e.web.EndpointLinksResolver      : Exposing 1 endpoint(s) beneath base path '/actuator'
2024-08-24T18:15:58.535+05:30  INFO 65312 --- [docker-fo-eurekaserver] [           main] o.s.c.n.e.s.EurekaServiceRegistry        : Registering application DOCKER-FO-EUREKASERVER with eureka with status UP
2024-08-24T18:15:58.542+05:30  INFO 65312 --- [docker-fo-eurekaserver] [      Thread-10] o.s.c.n.e.server.EurekaServerBootstrap   : isAws returned false
2024-08-24T18:15:58.543+05:30  INFO 65312 --- [docker-fo-eurekaserver] [      Thread-10] o.s.c.n.e.server.EurekaServerBootstrap   : Initialized server context
2024-08-24T18:15:58.543+05:30  INFO 65312 --- [docker-fo-eurekaserver] [      Thread-10] c.n.e.r.PeerAwareInstanceRegistryImpl    : Got 1 instances from neighboring DS node
2024-08-24T18:15:58.543+05:30  INFO 65312 --- [docker-fo-eurekaserver] [      Thread-10] c.n.e.r.PeerAwareInstanceRegistryImpl    : Renew threshold is: 1
2024-08-24T18:15:58.543+05:30  INFO 65312 --- [docker-fo-eurekaserver] [      Thread-10] c.n.e.r.PeerAwareInstanceRegistryImpl    : Changing status to UP
2024-08-24T18:15:58.546+05:30  INFO 65312 --- [docker-fo-eurekaserver] [      Thread-10] e.s.EurekaServerInitializerConfiguration : Started Eureka Server
2024-08-24T18:15:58.553+05:30  INFO 65312 --- [docker-fo-eurekaserver] [           main] f.d.DockerFoEurekaserverApplicationTests : Started DockerFoEurekaserverApplicationTests in 2.337 seconds (process running for 3.011)
]]></system-out>
  </testcase>
</testsuite>